HTTP/2 200 
date: Mon, 24 Apr 2023 05:09:12 GMT
content-type: text/html; charset=utf-8
content-length: 16819
etag: "11cov5xgmqpcz7"
vary: Accept-Encoding

HTTP/2 200 
date: Mon, 24 Apr 2023 05:09:13 GMT
content-type: text/html; charset=utf-8
content-length: 16819
etag: "11cov5xgmqpcz7"
vary: Accept-Encoding

HTTP/2 200 
date: Mon, 24 Apr 2023 05:09:14 GMT
content-type: text/html; charset=utf-8
content-length: 16819
etag: "11cov5xgmqpcz7"
vary: Accept-Encoding

HTTP/2 200 
date: Mon, 24 Apr 2023 05:09:15 GMT
content-type: text/html; charset=utf-8
content-length: 16819
etag: "11cov5xgmqpcz7"
vary: Accept-Encoding

HTTP/2 200 
date: Mon, 24 Apr 2023 05:09:16 GMT
content-type: text/html; charset=utf-8
content-length: 16819
etag: "11cov5xgmqpcz7"
vary: Accept-Encoding

HTTP/2 200 
date: Mon, 24 Apr 2023 05:09:17 GMT
content-type: text/html; charset=utf-8
content-length: 16819
etag: "11cov5xgmqpcz7"
vary: Accept-Encoding

HTTP/2 200 
date: Mon, 24 Apr 2023 05:09:18 GMT
content-type: text/html; charset=utf-8
content-length: 16819
etag: "11cov5xgmqpcz7"
vary: Accept-Encoding

HTTP/2 200 
date: Mon, 24 Apr 2023 05:09:18 GMT
content-type: text/html; charset=utf-8
content-length: 16819
etag: "11cov5xgmqpcz7"
vary: Accept-Encoding

HTTP/2 200 
date: Mon, 24 Apr 2023 05:09:19 GMT
content-type: text/html; charset=utf-8
content-length: 16819
etag: "11cov5xgmqpcz7"
vary: Accept-Encoding

HTTP/2 200 
date: Mon, 24 Apr 2023 05:09:20 GMT
content-type: text/html; charset=utf-8
content-length: 16819
etag: "11cov5xgmqpcz7"
vary: Accept-Encoding

HTTP/2 200 
date: Mon, 24 Apr 2023 05:09:21 GMT
content-type: text/html; charset=utf-8
content-length: 16819
etag: "11cov5xgmqpcz7"
vary: Accept-Encoding

HTTP/2 200 
date: Mon, 24 Apr 2023 05:09:22 GMT
content-type: text/html; charset=utf-8
content-length: 16819
etag: "11cov5xgmqpcz7"
vary: Accept-Encoding

HTTP/2 200 
date: Mon, 24 Apr 2023 05:09:23 GMT
content-type: text/html; charset=utf-8
content-length: 16819
etag: "11cov5xgmqpcz7"
vary: Accept-Encoding

HTTP/2 200 
date: Mon, 24 Apr 2023 05:09:24 GMT
content-type: text/html; charset=utf-8
content-length: 16819
etag: "11cov5xgmqpcz7"
vary: Accept-Encoding

HTTP/2 200 
date: Mon, 24 Apr 2023 05:09:25 GMT
content-type: text/html; charset=utf-8
content-length: 16819
etag: "11cov5xgmqpcz7"
vary: Accept-Encoding

HTTP/2 200 
date: Mon, 24 Apr 2023 05:09:26 GMT
content-type: text/html; charset=utf-8
content-length: 16819
etag: "11cov5xgmqpcz7"
vary: Accept-Encoding

HTTP/2 200 
date: Mon, 24 Apr 2023 05:09:26 GMT
content-type: text/html; charset=utf-8
content-length: 16819
etag: "11cov5xgmqpcz7"
vary: Accept-Encoding

HTTP/2 200 
date: Mon, 24 Apr 2023 05:09:27 GMT
content-type: text/html; charset=utf-8
content-length: 16819
etag: "11cov5xgmqpcz7"
vary: Accept-Encoding

HTTP/2 200 
date: Mon, 24 Apr 2023 05:09:28 GMT
content-type: text/html; charset=utf-8
content-length: 16819
etag: "11cov5xgmqpcz7"
vary: Accept-Encoding

HTTP/2 200 
date: Mon, 24 Apr 2023 05:09:29 GMT
content-type: text/html; charset=utf-8
content-length: 16819
etag: "11cov5xgmqpcz7"
vary: Accept-Encoding

HTTP/2 200 
date: Mon, 24 Apr 2023 05:09:30 GMT
content-type: text/html; charset=utf-8
content-length: 16819
etag: "11cov5xgmqpcz7"
vary: Accept-Encoding

HTTP/2 200 
date: Mon, 24 Apr 2023 05:09:31 GMT
content-type: text/html; charset=utf-8
content-length: 16819
etag: "11cov5xgmqpcz7"
vary: Accept-Encoding

HTTP/2 200 
date: Mon, 24 Apr 2023 05:09:32 GMT
content-type: text/html; charset=utf-8
content-length: 16819
etag: "11cov5xgmqpcz7"
vary: Accept-Encoding

HTTP/2 200 
date: Mon, 24 Apr 2023 05:09:33 GMT
content-type: text/html; charset=utf-8
content-length: 16819
etag: "11cov5xgmqpcz7"
vary: Accept-Encoding

HTTP/2 200 
date: Mon, 24 Apr 2023 05:09:34 GMT
content-type: text/html; charset=utf-8
content-length: 16819
etag: "11cov5xgmqpcz7"
vary: Accept-Encoding

HTTP/2 200 
date: Mon, 24 Apr 2023 05:09:34 GMT
content-type: text/html; charset=utf-8
content-length: 16819
etag: "11cov5xgmqpcz7"
vary: Accept-Encoding

HTTP/2 200 
date: Mon, 24 Apr 2023 05:09:35 GMT
content-type: text/html; charset=utf-8
content-length: 16819
etag: "11cov5xgmqpcz7"
vary: Accept-Encoding

HTTP/2 200 
date: Mon, 24 Apr 2023 05:09:36 GMT
content-type: text/html; charset=utf-8
content-length: 16819
etag: "11cov5xgmqpcz7"
vary: Accept-Encoding

HTTP/2 200 
date: Mon, 24 Apr 2023 05:09:37 GMT
content-type: text/html; charset=utf-8
content-length: 16819
etag: "11cov5xgmqpcz7"
vary: Accept-Encoding

HTTP/2 200 
date: Mon, 24 Apr 2023 05:09:38 GMT
content-type: text/html; charset=utf-8
content-length: 16819
etag: "11cov5xgmqpcz7"
vary: Accept-Encoding

HTTP/2 502 
server: awselb/2.0
date: Mon, 24 Apr 2023 05:09:39 GMT
content-type: text/html
content-length: 122

HTTP/2 502 
server: awselb/2.0
date: Mon, 24 Apr 2023 05:09:40 GMT
content-type: text/html
content-length: 122

HTTP/2 502 
server: awselb/2.0
date: Mon, 24 Apr 2023 05:09:41 GMT
content-type: text/html
content-length: 122

HTTP/2 502 
server: awselb/2.0
date: Mon, 24 Apr 2023 05:09:42 GMT
content-type: text/html
content-length: 122

HTTP/2 502 
server: awselb/2.0
date: Mon, 24 Apr 2023 05:09:42 GMT
content-type: text/html
content-length: 122

HTTP/2 502 
server: awselb/2.0
date: Mon, 24 Apr 2023 05:09:43 GMT
content-type: text/html
content-length: 122

HTTP/2 502 
server: awselb/2.0
date: Mon, 24 Apr 2023 05:09:44 GMT
content-type: text/html
content-length: 122

HTTP/2 502 
server: awselb/2.0
date: Mon, 24 Apr 2023 05:09:45 GMT
content-type: text/html
content-length: 122

HTTP/2 502 
server: awselb/2.0
date: Mon, 24 Apr 2023 05:09:46 GMT
content-type: text/html
content-length: 122

HTTP/2 502 
server: awselb/2.0
date: Mon, 24 Apr 2023 05:09:48 GMT
content-type: text/html
content-length: 122

HTTP/2 502 
server: awselb/2.0
date: Mon, 24 Apr 2023 05:09:49 GMT
content-type: text/html
content-length: 122

HTTP/2 502 
server: awselb/2.0
date: Mon, 24 Apr 2023 05:09:50 GMT
content-type: text/html
content-length: 122

HTTP/2 502 
server: awselb/2.0
date: Mon, 24 Apr 2023 05:09:51 GMT
content-type: text/html
content-length: 122

HTTP/2 502 
server: awselb/2.0
date: Mon, 24 Apr 2023 05:09:51 GMT
content-type: text/html
content-length: 122

HTTP/2 200 
date: Mon, 24 Apr 2023 05:09:56 GMT
content-type: text/html; charset=utf-8
content-length: 16819
etag: "e42trfc1nxcz7"
vary: Accept-Encoding

HTTP/2 200 
date: Mon, 24 Apr 2023 05:09:57 GMT
content-type: text/html; charset=utf-8
content-length: 16819
etag: "e42trfc1nxcz7"
vary: Accept-Encoding

HTTP/2 200 
date: Mon, 24 Apr 2023 05:09:58 GMT
content-type: text/html; charset=utf-8
content-length: 16819
etag: "e42trfc1nxcz7"
vary: Accept-Encoding

HTTP/2 200 
date: Mon, 24 Apr 2023 05:09:59 GMT
content-type: text/html; charset=utf-8
content-length: 16819
etag: "e42trfc1nxcz7"
vary: Accept-Encoding

HTTP/2 200 
date: Mon, 24 Apr 2023 05:10:00 GMT
content-type: text/html; charset=utf-8
content-length: 16819
etag: "e42trfc1nxcz7"
vary: Accept-Encoding

HTTP/2 200 
date: Mon, 24 Apr 2023 05:10:00 GMT
content-type: text/html; charset=utf-8
content-length: 16819
etag: "e42trfc1nxcz7"
vary: Accept-Encoding

HTTP/2 200 
date: Mon, 24 Apr 2023 05:10:01 GMT
content-type: text/html; charset=utf-8
content-length: 16819
etag: "e42trfc1nxcz7"
vary: Accept-Encoding

HTTP/2 200 
date: Mon, 24 Apr 2023 05:10:02 GMT
content-type: text/html; charset=utf-8
content-length: 16819
etag: "e42trfc1nxcz7"
vary: Accept-Encoding

HTTP/2 200 
date: Mon, 24 Apr 2023 05:10:03 GMT
content-type: text/html; charset=utf-8
content-length: 16819
etag: "e42trfc1nxcz7"
vary: Accept-Encoding

HTTP/2 200 
date: Mon, 24 Apr 2023 05:10:04 GMT
content-type: text/html; charset=utf-8
content-length: 16819
etag: "e42trfc1nxcz7"
vary: Accept-Encoding

HTTP/2 200 
date: Mon, 24 Apr 2023 05:10:05 GMT
content-type: text/html; charset=utf-8
content-length: 16819
etag: "e42trfc1nxcz7"
vary: Accept-Encoding

HTTP/2 200 
date: Mon, 24 Apr 2023 05:10:06 GMT
content-type: text/html; charset=utf-8
content-length: 16819
etag: "e42trfc1nxcz7"
vary: Accept-Encoding

HTTP/2 200 
date: Mon, 24 Apr 2023 05:10:07 GMT
content-type: text/html; charset=utf-8
content-length: 16819
etag: "e42trfc1nxcz7"
vary: Accept-Encoding

HTTP/2 200 
date: Mon, 24 Apr 2023 05:10:08 GMT
content-type: text/html; charset=utf-8
content-length: 16819
etag: "e42trfc1nxcz7"
vary: Accept-Encoding

HTTP/2 200 
date: Mon, 24 Apr 2023 05:10:09 GMT
content-type: text/html; charset=utf-8
content-length: 16819
etag: "e42trfc1nxcz7"
vary: Accept-Encoding

HTTP/2 200 
date: Mon, 24 Apr 2023 05:10:09 GMT
content-type: text/html; charset=utf-8
content-length: 16819
etag: "e42trfc1nxcz7"
vary: Accept-Encoding

HTTP/2 200 
date: Mon, 24 Apr 2023 05:10:10 GMT
content-type: text/html; charset=utf-8
content-length: 16819
etag: "e42trfc1nxcz7"
vary: Accept-Encoding

HTTP/2 200 
date: Mon, 24 Apr 2023 05:10:11 GMT
content-type: text/html; charset=utf-8
content-length: 16819
etag: "e42trfc1nxcz7"
vary: Accept-Encoding

HTTP/2 200 
date: Mon, 24 Apr 2023 05:10:12 GMT
content-type: text/html; charset=utf-8
content-length: 16819
etag: "e42trfc1nxcz7"
vary: Accept-Encoding

HTTP/2 200 
date: Mon, 24 Apr 2023 05:10:13 GMT
content-type: text/html; charset=utf-8
content-length: 16819
etag: "e42trfc1nxcz7"
vary: Accept-Encoding

HTTP/2 200 
date: Mon, 24 Apr 2023 05:10:14 GMT
content-type: text/html; charset=utf-8
content-length: 16819
etag: "e42trfc1nxcz7"
vary: Accept-Encoding

HTTP/2 200 
date: Mon, 24 Apr 2023 05:10:15 GMT
content-type: text/html; charset=utf-8
content-length: 16819
etag: "e42trfc1nxcz7"
vary: Accept-Encoding

HTTP/2 200 
date: Mon, 24 Apr 2023 05:10:16 GMT
content-type: text/html; charset=utf-8
content-length: 16819
etag: "e42trfc1nxcz7"
vary: Accept-Encoding

HTTP/2 200 
date: Mon, 24 Apr 2023 05:10:17 GMT
content-type: text/html; charset=utf-8
content-length: 16819
etag: "e42trfc1nxcz7"
vary: Accept-Encoding

HTTP/2 200 
date: Mon, 24 Apr 2023 05:10:17 GMT
content-type: text/html; charset=utf-8
content-length: 16819
etag: "e42trfc1nxcz7"
vary: Accept-Encoding

HTTP/2 200 
date: Mon, 24 Apr 2023 05:10:18 GMT
content-type: text/html; charset=utf-8
content-length: 16819
etag: "e42trfc1nxcz7"
vary: Accept-Encoding

HTTP/2 200 
date: Mon, 24 Apr 2023 05:10:19 GMT
content-type: text/html; charset=utf-8
content-length: 16819
etag: "e42trfc1nxcz7"
vary: Accept-Encoding

HTTP/2 200 
date: Mon, 24 Apr 2023 05:10:20 GMT
content-type: text/html; charset=utf-8
content-length: 16819
etag: "e42trfc1nxcz7"
vary: Accept-Encoding

HTTP/2 200 
date: Mon, 24 Apr 2023 05:10:21 GMT
content-type: text/html; charset=utf-8
content-length: 16819
etag: "e42trfc1nxcz7"
vary: Accept-Encoding

HTTP/2 200 
date: Mon, 24 Apr 2023 05:10:22 GMT
content-type: text/html; charset=utf-8
content-length: 16819
etag: "e42trfc1nxcz7"
vary: Accept-Encoding

HTTP/2 200 
date: Mon, 24 Apr 2023 05:10:23 GMT
content-type: text/html; charset=utf-8
content-length: 16819
etag: "e42trfc1nxcz7"
vary: Accept-Encoding

HTTP/2 200 
date: Mon, 24 Apr 2023 05:10:24 GMT
content-type: text/html; charset=utf-8
content-length: 16819
etag: "e42trfc1nxcz7"
vary: Accept-Encoding

HTTP/2 200 
date: Mon, 24 Apr 2023 05:10:25 GMT
content-type: text/html; charset=utf-8
content-length: 16819
etag: "e42trfc1nxcz7"
vary: Accept-Encoding

HTTP/2 200 
date: Mon, 24 Apr 2023 05:10:25 GMT
content-type: text/html; charset=utf-8
content-length: 16819
etag: "e42trfc1nxcz7"
vary: Accept-Encoding

HTTP/2 200 
date: Mon, 24 Apr 2023 05:10:26 GMT
content-type: text/html; charset=utf-8
content-length: 16819
etag: "e42trfc1nxcz7"
vary: Accept-Encoding

HTTP/2 200 
date: Mon, 24 Apr 2023 05:10:27 GMT
content-type: text/html; charset=utf-8
content-length: 16819
etag: "e42trfc1nxcz7"
vary: Accept-Encoding

HTTP/2 200 
date: Mon, 24 Apr 2023 05:10:28 GMT
content-type: text/html; charset=utf-8
content-length: 16819
etag: "e42trfc1nxcz7"
vary: Accept-Encoding

HTTP/2 200 
date: Mon, 24 Apr 2023 05:10:29 GMT
content-type: text/html; charset=utf-8
content-length: 16819
etag: "e42trfc1nxcz7"
vary: Accept-Encoding

HTTP/2 200 
date: Mon, 24 Apr 2023 05:10:30 GMT
content-type: text/html; charset=utf-8
content-length: 16819
etag: "e42trfc1nxcz7"
vary: Accept-Encoding

HTTP/2 200 
date: Mon, 24 Apr 2023 05:10:31 GMT
content-type: text/html; charset=utf-8
content-length: 16819
etag: "e42trfc1nxcz7"
vary: Accept-Encoding

HTTP/2 200 
date: Mon, 24 Apr 2023 05:10:32 GMT
content-type: text/html; charset=utf-8
content-length: 16819
etag: "e42trfc1nxcz7"
vary: Accept-Encoding

HTTP/2 200 
date: Mon, 24 Apr 2023 05:10:33 GMT
content-type: text/html; charset=utf-8
content-length: 16819
etag: "e42trfc1nxcz7"
vary: Accept-Encoding

HTTP/2 200 
date: Mon, 24 Apr 2023 05:10:33 GMT
content-type: text/html; charset=utf-8
content-length: 16819
etag: "e42trfc1nxcz7"
vary: Accept-Encoding

HTTP/2 200 
date: Mon, 24 Apr 2023 05:10:34 GMT
content-type: text/html; charset=utf-8
content-length: 16819
etag: "e42trfc1nxcz7"
vary: Accept-Encoding

HTTP/2 200 
date: Mon, 24 Apr 2023 05:10:35 GMT
content-type: text/html; charset=utf-8
content-length: 16819
etag: "e42trfc1nxcz7"
vary: Accept-Encoding

HTTP/2 200 
date: Mon, 24 Apr 2023 05:10:36 GMT
content-type: text/html; charset=utf-8
content-length: 16819
etag: "e42trfc1nxcz7"
vary: Accept-Encoding

HTTP/2 200 
date: Mon, 24 Apr 2023 05:10:37 GMT
content-type: text/html; charset=utf-8
content-length: 16819
etag: "e42trfc1nxcz7"
vary: Accept-Encoding

HTTP/2 200 
date: Mon, 24 Apr 2023 05:10:38 GMT
content-type: text/html; charset=utf-8
content-length: 16819
etag: "e42trfc1nxcz7"
vary: Accept-Encoding

HTTP/2 200 
date: Mon, 24 Apr 2023 05:10:39 GMT
content-type: text/html; charset=utf-8
content-length: 16819
etag: "e42trfc1nxcz7"
vary: Accept-Encoding

HTTP/2 200 
date: Mon, 24 Apr 2023 05:10:40 GMT
content-type: text/html; charset=utf-8
content-length: 16819
etag: "e42trfc1nxcz7"
vary: Accept-Encoding

HTTP/2 200 
date: Mon, 24 Apr 2023 05:10:41 GMT
content-type: text/html; charset=utf-8
content-length: 16819
etag: "e42trfc1nxcz7"
vary: Accept-Encoding

HTTP/2 200 
date: Mon, 24 Apr 2023 05:10:42 GMT
content-type: text/html; charset=utf-8
content-length: 16819
etag: "e42trfc1nxcz7"
vary: Accept-Encoding

HTTP/2 200 
date: Mon, 24 Apr 2023 05:10:42 GMT
content-type: text/html; charset=utf-8
content-length: 16819
etag: "e42trfc1nxcz7"
vary: Accept-Encoding

HTTP/2 200 
date: Mon, 24 Apr 2023 05:10:43 GMT
content-type: text/html; charset=utf-8
content-length: 16819
etag: "e42trfc1nxcz7"
vary: Accept-Encoding

HTTP/2 200 
date: Mon, 24 Apr 2023 05:10:44 GMT
content-type: text/html; charset=utf-8
content-length: 16819
etag: "e42trfc1nxcz7"
vary: Accept-Encoding

HTTP/2 200 
date: Mon, 24 Apr 2023 05:10:45 GMT
content-type: text/html; charset=utf-8
content-length: 16819
etag: "e42trfc1nxcz7"
vary: Accept-Encoding

HTTP/2 200 
date: Mon, 24 Apr 2023 05:10:46 GMT
content-type: text/html; charset=utf-8
content-length: 16819
etag: "e42trfc1nxcz7"
vary: Accept-Encoding

HTTP/2 200 
date: Mon, 24 Apr 2023 05:10:47 GMT
content-type: text/html; charset=utf-8
content-length: 16819
etag: "e42trfc1nxcz7"
vary: Accept-Encoding

HTTP/2 200 
date: Mon, 24 Apr 2023 05:10:48 GMT
content-type: text/html; charset=utf-8
content-length: 16819
etag: "e42trfc1nxcz7"
vary: Accept-Encoding

HTTP/2 200 
date: Mon, 24 Apr 2023 05:10:49 GMT
content-type: text/html; charset=utf-8
content-length: 16819
etag: "e42trfc1nxcz7"
vary: Accept-Encoding

HTTP/2 200 
date: Mon, 24 Apr 2023 05:10:50 GMT
content-type: text/html; charset=utf-8
content-length: 16819
etag: "e42trfc1nxcz7"
vary: Accept-Encoding

HTTP/2 200 
date: Mon, 24 Apr 2023 05:10:50 GMT
content-type: text/html; charset=utf-8
content-length: 16819
etag: "e42trfc1nxcz7"
vary: Accept-Encoding

HTTP/2 200 
date: Mon, 24 Apr 2023 05:10:51 GMT
content-type: text/html; charset=utf-8
content-length: 16819
etag: "e42trfc1nxcz7"
vary: Accept-Encoding

HTTP/2 200 
date: Mon, 24 Apr 2023 05:10:52 GMT
content-type: text/html; charset=utf-8
content-length: 16819
etag: "e42trfc1nxcz7"
vary: Accept-Encoding

HTTP/2 200 
date: Mon, 24 Apr 2023 05:10:53 GMT
content-type: text/html; charset=utf-8
content-length: 16819
etag: "e42trfc1nxcz7"
vary: Accept-Encoding

HTTP/2 200 
date: Mon, 24 Apr 2023 05:10:54 GMT
content-type: text/html; charset=utf-8
content-length: 16819
etag: "e42trfc1nxcz7"
vary: Accept-Encoding

HTTP/2 200 
date: Mon, 24 Apr 2023 05:10:55 GMT
content-type: text/html; charset=utf-8
content-length: 16819
etag: "e42trfc1nxcz7"
vary: Accept-Encoding

HTTP/2 200 
date: Mon, 24 Apr 2023 05:10:56 GMT
content-type: text/html; charset=utf-8
content-length: 16819
etag: "e42trfc1nxcz7"
vary: Accept-Encoding

HTTP/2 200 
date: Mon, 24 Apr 2023 05:10:57 GMT
content-type: text/html; charset=utf-8
content-length: 16819
etag: "e42trfc1nxcz7"
vary: Accept-Encoding

HTTP/2 200 
date: Mon, 24 Apr 2023 05:10:58 GMT
content-type: text/html; charset=utf-8
content-length: 16819
etag: "e42trfc1nxcz7"
vary: Accept-Encoding

HTTP/2 200 
date: Mon, 24 Apr 2023 05:10:58 GMT
content-type: text/html; charset=utf-8
content-length: 16819
etag: "e42trfc1nxcz7"
vary: Accept-Encoding

HTTP/2 200 
date: Mon, 24 Apr 2023 05:10:59 GMT
content-type: text/html; charset=utf-8
content-length: 16819
etag: "e42trfc1nxcz7"
vary: Accept-Encoding

HTTP/2 200 
date: Mon, 24 Apr 2023 05:11:00 GMT
content-type: text/html; charset=utf-8
content-length: 16819
etag: "e42trfc1nxcz7"
vary: Accept-Encoding

HTTP/2 200 
date: Mon, 24 Apr 2023 05:11:01 GMT
content-type: text/html; charset=utf-8
content-length: 16819
etag: "e42trfc1nxcz7"
vary: Accept-Encoding

HTTP/2 200 
date: Mon, 24 Apr 2023 05:11:02 GMT
content-type: text/html; charset=utf-8
content-length: 16819
etag: "e42trfc1nxcz7"
vary: Accept-Encoding

HTTP/2 200 
date: Mon, 24 Apr 2023 05:11:03 GMT
content-type: text/html; charset=utf-8
content-length: 16819
etag: "e42trfc1nxcz7"
vary: Accept-Encoding

HTTP/2 200 
date: Mon, 24 Apr 2023 05:11:04 GMT
content-type: text/html; charset=utf-8
content-length: 16819
etag: "e42trfc1nxcz7"
vary: Accept-Encoding

HTTP/2 200 
date: Mon, 24 Apr 2023 05:11:05 GMT
content-type: text/html; charset=utf-8
content-length: 16819
etag: "e42trfc1nxcz7"
vary: Accept-Encoding

HTTP/2 200 
date: Mon, 24 Apr 2023 05:11:06 GMT
content-type: text/html; charset=utf-8
content-length: 16819
etag: "e42trfc1nxcz7"
vary: Accept-Encoding

HTTP/2 200 
date: Mon, 24 Apr 2023 05:11:07 GMT
content-type: text/html; charset=utf-8
content-length: 16819
etag: "e42trfc1nxcz7"
vary: Accept-Encoding

HTTP/2 200 
date: Mon, 24 Apr 2023 05:11:07 GMT
content-type: text/html; charset=utf-8
content-length: 16819
etag: "e42trfc1nxcz7"
vary: Accept-Encoding

HTTP/2 200 
date: Mon, 24 Apr 2023 05:11:08 GMT
content-type: text/html; charset=utf-8
content-length: 16819
etag: "e42trfc1nxcz7"
vary: Accept-Encoding

HTTP/2 200 
date: Mon, 24 Apr 2023 05:11:09 GMT
content-type: text/html; charset=utf-8
content-length: 16819
etag: "e42trfc1nxcz7"
vary: Accept-Encoding

HTTP/2 200 
date: Mon, 24 Apr 2023 05:11:10 GMT
content-type: text/html; charset=utf-8
content-length: 16819
etag: "e42trfc1nxcz7"
vary: Accept-Encoding

HTTP/2 200 
date: Mon, 24 Apr 2023 05:11:11 GMT
content-type: text/html; charset=utf-8
content-length: 16819
etag: "e42trfc1nxcz7"
vary: Accept-Encoding

HTTP/2 200 
date: Mon, 24 Apr 2023 05:11:12 GMT
content-type: text/html; charset=utf-8
content-length: 16819
etag: "e42trfc1nxcz7"
vary: Accept-Encoding

HTTP/2 200 
date: Mon, 24 Apr 2023 05:11:13 GMT
content-type: text/html; charset=utf-8
content-length: 16819
etag: "e42trfc1nxcz7"
vary: Accept-Encoding

HTTP/2 200 
date: Mon, 24 Apr 2023 05:11:14 GMT
content-type: text/html; charset=utf-8
content-length: 16819
etag: "e42trfc1nxcz7"
vary: Accept-Encoding

HTTP/2 200 
date: Mon, 24 Apr 2023 05:11:15 GMT
content-type: text/html; charset=utf-8
content-length: 16819
etag: "e42trfc1nxcz7"
vary: Accept-Encoding

HTTP/2 200 
date: Mon, 24 Apr 2023 05:11:15 GMT
content-type: text/html; charset=utf-8
content-length: 16819
etag: "e42trfc1nxcz7"
vary: Accept-Encoding

HTTP/2 200 
date: Mon, 24 Apr 2023 05:11:16 GMT
content-type: text/html; charset=utf-8
content-length: 16819
etag: "e42trfc1nxcz7"
vary: Accept-Encoding

HTTP/2 200 
date: Mon, 24 Apr 2023 05:11:17 GMT
content-type: text/html; charset=utf-8
content-length: 16819
etag: "e42trfc1nxcz7"
vary: Accept-Encoding

HTTP/2 200 
date: Mon, 24 Apr 2023 05:11:18 GMT
content-type: text/html; charset=utf-8
content-length: 16819
etag: "e42trfc1nxcz7"
vary: Accept-Encoding

HTTP/2 200 
date: Mon, 24 Apr 2023 05:11:19 GMT
content-type: text/html; charset=utf-8
content-length: 16819
etag: "e42trfc1nxcz7"
vary: Accept-Encoding

HTTP/2 200 
date: Mon, 24 Apr 2023 05:11:20 GMT
content-type: text/html; charset=utf-8
content-length: 16819
etag: "e42trfc1nxcz7"
vary: Accept-Encoding

HTTP/2 200 
date: Mon, 24 Apr 2023 05:11:21 GMT
content-type: text/html; charset=utf-8
content-length: 16819
etag: "e42trfc1nxcz7"
vary: Accept-Encoding

HTTP/2 200 
date: Mon, 24 Apr 2023 05:11:22 GMT
content-type: text/html; charset=utf-8
content-length: 16819
etag: "e42trfc1nxcz7"
vary: Accept-Encoding

HTTP/2 200 
date: Mon, 24 Apr 2023 05:11:23 GMT
content-type: text/html; charset=utf-8
content-length: 16819
etag: "e42trfc1nxcz7"
vary: Accept-Encoding

HTTP/2 200 
date: Mon, 24 Apr 2023 05:11:24 GMT
content-type: text/html; charset=utf-8
content-length: 16819
etag: "e42trfc1nxcz7"
vary: Accept-Encoding

HTTP/2 200 
date: Mon, 24 Apr 2023 05:11:24 GMT
content-type: text/html; charset=utf-8
content-length: 16819
etag: "e42trfc1nxcz7"
vary: Accept-Encoding

HTTP/2 200 
date: Mon, 24 Apr 2023 05:11:25 GMT
content-type: text/html; charset=utf-8
content-length: 16819
etag: "e42trfc1nxcz7"
vary: Accept-Encoding

HTTP/2 200 
date: Mon, 24 Apr 2023 05:11:26 GMT
content-type: text/html; charset=utf-8
content-length: 16819
etag: "e42trfc1nxcz7"
vary: Accept-Encoding

HTTP/2 200 
date: Mon, 24 Apr 2023 05:11:27 GMT
content-type: text/html; charset=utf-8
content-length: 16819
etag: "e42trfc1nxcz7"
vary: Accept-Encoding

HTTP/2 200 
date: Mon, 24 Apr 2023 05:11:28 GMT
content-type: text/html; charset=utf-8
content-length: 16819
etag: "e42trfc1nxcz7"
vary: Accept-Encoding

HTTP/2 200 
date: Mon, 24 Apr 2023 05:11:29 GMT
content-type: text/html; charset=utf-8
content-length: 16819
etag: "e42trfc1nxcz7"
vary: Accept-Encoding

HTTP/2 200 
date: Mon, 24 Apr 2023 05:11:30 GMT
content-type: text/html; charset=utf-8
content-length: 16819
etag: "e42trfc1nxcz7"
vary: Accept-Encoding

HTTP/2 200 
date: Mon, 24 Apr 2023 05:11:31 GMT
content-type: text/html; charset=utf-8
content-length: 16819
etag: "e42trfc1nxcz7"
vary: Accept-Encoding

HTTP/2 200 
date: Mon, 24 Apr 2023 05:11:32 GMT
content-type: text/html; charset=utf-8
content-length: 16819
etag: "e42trfc1nxcz7"
vary: Accept-Encoding

HTTP/2 200 
date: Mon, 24 Apr 2023 05:11:32 GMT
content-type: text/html; charset=utf-8
content-length: 16819
etag: "e42trfc1nxcz7"
vary: Accept-Encoding

HTTP/2 200 
date: Mon, 24 Apr 2023 05:11:33 GMT
content-type: text/html; charset=utf-8
content-length: 16819
etag: "e42trfc1nxcz7"
vary: Accept-Encoding

HTTP/2 200 
date: Mon, 24 Apr 2023 05:11:34 GMT
content-type: text/html; charset=utf-8
content-length: 16819
etag: "e42trfc1nxcz7"
vary: Accept-Encoding

HTTP/2 200 
date: Mon, 24 Apr 2023 05:11:35 GMT
content-type: text/html; charset=utf-8
content-length: 16819
etag: "e42trfc1nxcz7"
vary: Accept-Encoding

HTTP/2 200 
date: Mon, 24 Apr 2023 05:11:36 GMT
content-type: text/html; charset=utf-8
content-length: 16819
etag: "e42trfc1nxcz7"
vary: Accept-Encoding

HTTP/2 200 
date: Mon, 24 Apr 2023 05:11:37 GMT
content-type: text/html; charset=utf-8
content-length: 16819
etag: "e42trfc1nxcz7"
vary: Accept-Encoding

HTTP/2 200 
date: Mon, 24 Apr 2023 05:11:38 GMT
content-type: text/html; charset=utf-8
content-length: 16819
etag: "e42trfc1nxcz7"
vary: Accept-Encoding

HTTP/2 200 
date: Mon, 24 Apr 2023 05:11:39 GMT
content-type: text/html; charset=utf-8
content-length: 16819
etag: "e42trfc1nxcz7"
vary: Accept-Encoding

HTTP/2 200 
date: Mon, 24 Apr 2023 05:11:40 GMT
content-type: text/html; charset=utf-8
content-length: 16819
etag: "e42trfc1nxcz7"
vary: Accept-Encoding

HTTP/2 200 
date: Mon, 24 Apr 2023 05:11:41 GMT
content-type: text/html; charset=utf-8
content-length: 16819
etag: "e42trfc1nxcz7"
vary: Accept-Encoding

HTTP/2 200 
date: Mon, 24 Apr 2023 05:11:41 GMT
content-type: text/html; charset=utf-8
content-length: 16819
etag: "e42trfc1nxcz7"
vary: Accept-Encoding

HTTP/2 200 
date: Mon, 24 Apr 2023 05:11:42 GMT
content-type: text/html; charset=utf-8
content-length: 16819
etag: "e42trfc1nxcz7"
vary: Accept-Encoding

HTTP/2 200 
date: Mon, 24 Apr 2023 05:11:43 GMT
content-type: text/html; charset=utf-8
content-length: 16819
etag: "e42trfc1nxcz7"
vary: Accept-Encoding

HTTP/2 200 
date: Mon, 24 Apr 2023 05:11:44 GMT
content-type: text/html; charset=utf-8
content-length: 16819
etag: "e42trfc1nxcz7"
vary: Accept-Encoding

HTTP/2 200 
date: Mon, 24 Apr 2023 05:11:45 GMT
content-type: text/html; charset=utf-8
content-length: 16819
etag: "e42trfc1nxcz7"
vary: Accept-Encoding

HTTP/2 200 
date: Mon, 24 Apr 2023 05:11:46 GMT
content-type: text/html; charset=utf-8
content-length: 16819
etag: "e42trfc1nxcz7"
vary: Accept-Encoding

HTTP/2 200 
date: Mon, 24 Apr 2023 05:11:47 GMT
content-type: text/html; charset=utf-8
content-length: 16819
etag: "e42trfc1nxcz7"
vary: Accept-Encoding

HTTP/2 200 
date: Mon, 24 Apr 2023 05:11:48 GMT
content-type: text/html; charset=utf-8
content-length: 16819
etag: "e42trfc1nxcz7"
vary: Accept-Encoding

HTTP/2 200 
date: Mon, 24 Apr 2023 05:11:49 GMT
content-type: text/html; charset=utf-8
content-length: 16819
etag: "e42trfc1nxcz7"
vary: Accept-Encoding

HTTP/2 200 
date: Mon, 24 Apr 2023 05:11:49 GMT
content-type: text/html; charset=utf-8
content-length: 16819
etag: "e42trfc1nxcz7"
vary: Accept-Encoding

HTTP/2 200 
date: Mon, 24 Apr 2023 05:11:50 GMT
content-type: text/html; charset=utf-8
content-length: 16819
etag: "e42trfc1nxcz7"
vary: Accept-Encoding

HTTP/2 200 
date: Mon, 24 Apr 2023 05:11:51 GMT
content-type: text/html; charset=utf-8
content-length: 16819
etag: "e42trfc1nxcz7"
vary: Accept-Encoding

HTTP/2 200 
date: Mon, 24 Apr 2023 05:11:52 GMT
content-type: text/html; charset=utf-8
content-length: 16819
etag: "e42trfc1nxcz7"
vary: Accept-Encoding

HTTP/2 200 
date: Mon, 24 Apr 2023 05:11:53 GMT
content-type: text/html; charset=utf-8
content-length: 16819
etag: "e42trfc1nxcz7"
vary: Accept-Encoding

HTTP/2 200 
date: Mon, 24 Apr 2023 05:11:54 GMT
content-type: text/html; charset=utf-8
content-length: 16819
etag: "e42trfc1nxcz7"
vary: Accept-Encoding

HTTP/2 200 
date: Mon, 24 Apr 2023 05:11:55 GMT
content-type: text/html; charset=utf-8
content-length: 16819
etag: "e42trfc1nxcz7"
vary: Accept-Encoding

HTTP/2 200 
date: Mon, 24 Apr 2023 05:11:56 GMT
content-type: text/html; charset=utf-8
content-length: 16819
etag: "e42trfc1nxcz7"
vary: Accept-Encoding

HTTP/2 200 
date: Mon, 24 Apr 2023 05:11:57 GMT
content-type: text/html; charset=utf-8
content-length: 16819
etag: "e42trfc1nxcz7"
vary: Accept-Encoding

HTTP/2 200 
date: Mon, 24 Apr 2023 05:11:58 GMT
content-type: text/html; charset=utf-8
content-length: 16819
etag: "e42trfc1nxcz7"
vary: Accept-Encoding

HTTP/2 200 
date: Mon, 24 Apr 2023 05:11:58 GMT
content-type: text/html; charset=utf-8
content-length: 16819
etag: "e42trfc1nxcz7"
vary: Accept-Encoding

HTTP/2 200 
date: Mon, 24 Apr 2023 05:11:59 GMT
content-type: text/html; charset=utf-8
content-length: 16819
etag: "e42trfc1nxcz7"
vary: Accept-Encoding

HTTP/2 200 
date: Mon, 24 Apr 2023 05:12:00 GMT
content-type: text/html; charset=utf-8
content-length: 16819
etag: "e42trfc1nxcz7"
vary: Accept-Encoding

HTTP/2 200 
date: Mon, 24 Apr 2023 05:12:01 GMT
content-type: text/html; charset=utf-8
content-length: 16819
etag: "e42trfc1nxcz7"
vary: Accept-Encoding

HTTP/2 200 
date: Mon, 24 Apr 2023 05:12:02 GMT
content-type: text/html; charset=utf-8
content-length: 16819
etag: "e42trfc1nxcz7"
vary: Accept-Encoding

HTTP/2 200 
date: Mon, 24 Apr 2023 05:12:03 GMT
content-type: text/html; charset=utf-8
content-length: 16819
etag: "e42trfc1nxcz7"
vary: Accept-Encoding

HTTP/2 200 
date: Mon, 24 Apr 2023 05:12:04 GMT
content-type: text/html; charset=utf-8
content-length: 16819
etag: "e42trfc1nxcz7"
vary: Accept-Encoding

HTTP/2 200 
date: Mon, 24 Apr 2023 05:12:05 GMT
content-type: text/html; charset=utf-8
content-length: 16819
etag: "e42trfc1nxcz7"
vary: Accept-Encoding

HTTP/2 200 
date: Mon, 24 Apr 2023 05:12:06 GMT
content-type: text/html; charset=utf-8
content-length: 16819
etag: "e42trfc1nxcz7"
vary: Accept-Encoding

HTTP/2 200 
date: Mon, 24 Apr 2023 05:12:06 GMT
content-type: text/html; charset=utf-8
content-length: 16819
etag: "e42trfc1nxcz7"
vary: Accept-Encoding

HTTP/2 200 
date: Mon, 24 Apr 2023 05:12:07 GMT
content-type: text/html; charset=utf-8
content-length: 16819
etag: "e42trfc1nxcz7"
vary: Accept-Encoding

HTTP/2 200 
date: Mon, 24 Apr 2023 05:12:08 GMT
content-type: text/html; charset=utf-8
content-length: 16819
etag: "e42trfc1nxcz7"
vary: Accept-Encoding

HTTP/2 200 
date: Mon, 24 Apr 2023 05:12:09 GMT
content-type: text/html; charset=utf-8
content-length: 16819
etag: "e42trfc1nxcz7"
vary: Accept-Encoding

HTTP/2 200 
date: Mon, 24 Apr 2023 05:12:10 GMT
content-type: text/html; charset=utf-8
content-length: 16819
etag: "e42trfc1nxcz7"
vary: Accept-Encoding

HTTP/2 200 
date: Mon, 24 Apr 2023 05:12:11 GMT
content-type: text/html; charset=utf-8
content-length: 16819
etag: "e42trfc1nxcz7"
vary: Accept-Encoding

HTTP/2 200 
date: Mon, 24 Apr 2023 05:12:12 GMT
content-type: text/html; charset=utf-8
content-length: 16819
etag: "e42trfc1nxcz7"
vary: Accept-Encoding

HTTP/2 200 
date: Mon, 24 Apr 2023 05:12:13 GMT
content-type: text/html; charset=utf-8
content-length: 16819
etag: "e42trfc1nxcz7"
vary: Accept-Encoding

HTTP/2 200 
date: Mon, 24 Apr 2023 05:12:14 GMT
content-type: text/html; charset=utf-8
content-length: 16819
etag: "e42trfc1nxcz7"
vary: Accept-Encoding

HTTP/2 200 
date: Mon, 24 Apr 2023 05:12:15 GMT
content-type: text/html; charset=utf-8
content-length: 16819
etag: "e42trfc1nxcz7"
vary: Accept-Encoding

HTTP/2 200 
date: Mon, 24 Apr 2023 05:12:15 GMT
content-type: text/html; charset=utf-8
content-length: 16819
etag: "e42trfc1nxcz7"
vary: Accept-Encoding

HTTP/2 200 
date: Mon, 24 Apr 2023 05:12:17 GMT
content-type: text/html; charset=utf-8
content-length: 16819
etag: "e42trfc1nxcz7"
vary: Accept-Encoding

HTTP/2 200 
date: Mon, 24 Apr 2023 05:12:18 GMT
content-type: text/html; charset=utf-8
content-length: 16819
etag: "e42trfc1nxcz7"
vary: Accept-Encoding

HTTP/2 200 
date: Mon, 24 Apr 2023 05:12:18 GMT
content-type: text/html; charset=utf-8
content-length: 16819
etag: "e42trfc1nxcz7"
vary: Accept-Encoding

HTTP/2 200 
date: Mon, 24 Apr 2023 05:12:19 GMT
content-type: text/html; charset=utf-8
content-length: 16819
etag: "e42trfc1nxcz7"
vary: Accept-Encoding

HTTP/2 200 
date: Mon, 24 Apr 2023 05:12:20 GMT
content-type: text/html; charset=utf-8
content-length: 16819
etag: "e42trfc1nxcz7"
vary: Accept-Encoding

HTTP/2 200 
date: Mon, 24 Apr 2023 05:12:21 GMT
content-type: text/html; charset=utf-8
content-length: 16819
etag: "e42trfc1nxcz7"
vary: Accept-Encoding

HTTP/2 200 
date: Mon, 24 Apr 2023 05:12:22 GMT
content-type: text/html; charset=utf-8
content-length: 16819
etag: "e42trfc1nxcz7"
vary: Accept-Encoding

HTTP/2 200 
date: Mon, 24 Apr 2023 05:12:23 GMT
content-type: text/html; charset=utf-8
content-length: 16819
etag: "e42trfc1nxcz7"
vary: Accept-Encoding

HTTP/2 200 
date: Mon, 24 Apr 2023 05:12:24 GMT
content-type: text/html; charset=utf-8
content-length: 16819
etag: "e42trfc1nxcz7"
vary: Accept-Encoding

HTTP/2 200 
date: Mon, 24 Apr 2023 05:12:25 GMT
content-type: text/html; charset=utf-8
content-length: 16819
etag: "e42trfc1nxcz7"
vary: Accept-Encoding

HTTP/2 200 
date: Mon, 24 Apr 2023 05:12:26 GMT
content-type: text/html; charset=utf-8
content-length: 16819
etag: "e42trfc1nxcz7"
vary: Accept-Encoding

HTTP/2 200 
date: Mon, 24 Apr 2023 05:12:26 GMT
content-type: text/html; charset=utf-8
content-length: 16819
etag: "e42trfc1nxcz7"
vary: Accept-Encoding

HTTP/2 200 
date: Mon, 24 Apr 2023 05:12:27 GMT
content-type: text/html; charset=utf-8
content-length: 16819
etag: "e42trfc1nxcz7"
vary: Accept-Encoding

HTTP/2 200 
date: Mon, 24 Apr 2023 05:12:28 GMT
content-type: text/html; charset=utf-8
content-length: 16819
etag: "e42trfc1nxcz7"
vary: Accept-Encoding

HTTP/2 200 
date: Mon, 24 Apr 2023 05:12:29 GMT
content-type: text/html; charset=utf-8
content-length: 16819
etag: "e42trfc1nxcz7"
vary: Accept-Encoding

HTTP/2 200 
date: Mon, 24 Apr 2023 05:12:30 GMT
content-type: text/html; charset=utf-8
content-length: 16819
etag: "e42trfc1nxcz7"
vary: Accept-Encoding

HTTP/2 200 
date: Mon, 24 Apr 2023 05:12:31 GMT
content-type: text/html; charset=utf-8
content-length: 16819
etag: "e42trfc1nxcz7"
vary: Accept-Encoding

HTTP/2 200 
date: Mon, 24 Apr 2023 05:12:32 GMT
content-type: text/html; charset=utf-8
content-length: 16819
etag: "e42trfc1nxcz7"
vary: Accept-Encoding

HTTP/2 200 
date: Mon, 24 Apr 2023 05:12:33 GMT
content-type: text/html; charset=utf-8
content-length: 16819
etag: "e42trfc1nxcz7"
vary: Accept-Encoding

HTTP/2 200 
date: Mon, 24 Apr 2023 05:12:34 GMT
content-type: text/html; charset=utf-8
content-length: 16819
etag: "e42trfc1nxcz7"
vary: Accept-Encoding

HTTP/2 200 
date: Mon, 24 Apr 2023 05:12:34 GMT
content-type: text/html; charset=utf-8
content-length: 16819
etag: "e42trfc1nxcz7"
vary: Accept-Encoding

HTTP/2 200 
date: Mon, 24 Apr 2023 05:12:35 GMT
content-type: text/html; charset=utf-8
content-length: 16819
etag: "e42trfc1nxcz7"
vary: Accept-Encoding

HTTP/2 200 
date: Mon, 24 Apr 2023 05:12:36 GMT
content-type: text/html; charset=utf-8
content-length: 16819
etag: "e42trfc1nxcz7"
vary: Accept-Encoding

HTTP/2 200 
date: Mon, 24 Apr 2023 05:12:37 GMT
content-type: text/html; charset=utf-8
content-length: 16819
etag: "e42trfc1nxcz7"
vary: Accept-Encoding

HTTP/2 200 
date: Mon, 24 Apr 2023 05:12:38 GMT
content-type: text/html; charset=utf-8
content-length: 16819
etag: "e42trfc1nxcz7"
vary: Accept-Encoding

HTTP/2 200 
date: Mon, 24 Apr 2023 05:12:39 GMT
content-type: text/html; charset=utf-8
content-length: 16819
etag: "e42trfc1nxcz7"
vary: Accept-Encoding

HTTP/2 200 
date: Mon, 24 Apr 2023 05:12:40 GMT
content-type: text/html; charset=utf-8
content-length: 16819
etag: "e42trfc1nxcz7"
vary: Accept-Encoding

HTTP/2 200 
date: Mon, 24 Apr 2023 05:12:41 GMT
content-type: text/html; charset=utf-8
content-length: 16819
etag: "e42trfc1nxcz7"
vary: Accept-Encoding

HTTP/2 200 
date: Mon, 24 Apr 2023 05:12:42 GMT
content-type: text/html; charset=utf-8
content-length: 16819
etag: "e42trfc1nxcz7"
vary: Accept-Encoding

HTTP/2 200 
date: Mon, 24 Apr 2023 05:12:42 GMT
content-type: text/html; charset=utf-8
content-length: 16819
etag: "e42trfc1nxcz7"
vary: Accept-Encoding

HTTP/2 200 
date: Mon, 24 Apr 2023 05:12:43 GMT
content-type: text/html; charset=utf-8
content-length: 16819
etag: "e42trfc1nxcz7"
vary: Accept-Encoding

HTTP/2 200 
date: Mon, 24 Apr 2023 05:12:44 GMT
content-type: text/html; charset=utf-8
content-length: 16819
etag: "e42trfc1nxcz7"
vary: Accept-Encoding

HTTP/2 200 
date: Mon, 24 Apr 2023 05:12:45 GMT
content-type: text/html; charset=utf-8
content-length: 16819
etag: "e42trfc1nxcz7"
vary: Accept-Encoding

HTTP/2 200 
date: Mon, 24 Apr 2023 05:12:46 GMT
content-type: text/html; charset=utf-8
content-length: 16819
etag: "e42trfc1nxcz7"
vary: Accept-Encoding

HTTP/2 200 
date: Mon, 24 Apr 2023 05:12:47 GMT
content-type: text/html; charset=utf-8
content-length: 16819
etag: "e42trfc1nxcz7"
vary: Accept-Encoding

HTTP/2 200 
date: Mon, 24 Apr 2023 05:12:48 GMT
content-type: text/html; charset=utf-8
content-length: 16819
etag: "e42trfc1nxcz7"
vary: Accept-Encoding

HTTP/2 200 
date: Mon, 24 Apr 2023 05:12:49 GMT
content-type: text/html; charset=utf-8
content-length: 16819
etag: "e42trfc1nxcz7"
vary: Accept-Encoding

HTTP/2 200 
date: Mon, 24 Apr 2023 05:12:50 GMT
content-type: text/html; charset=utf-8
content-length: 16819
etag: "e42trfc1nxcz7"
vary: Accept-Encoding

HTTP/2 200 
date: Mon, 24 Apr 2023 05:12:50 GMT
content-type: text/html; charset=utf-8
content-length: 16819
etag: "e42trfc1nxcz7"
vary: Accept-Encoding

HTTP/2 200 
date: Mon, 24 Apr 2023 05:12:51 GMT
content-type: text/html; charset=utf-8
content-length: 16819
etag: "e42trfc1nxcz7"
vary: Accept-Encoding

HTTP/2 200 
date: Mon, 24 Apr 2023 05:12:52 GMT
content-type: text/html; charset=utf-8
content-length: 16819
etag: "e42trfc1nxcz7"
vary: Accept-Encoding

HTTP/2 200 
date: Mon, 24 Apr 2023 05:12:53 GMT
content-type: text/html; charset=utf-8
content-length: 16819
etag: "e42trfc1nxcz7"
vary: Accept-Encoding

HTTP/2 200 
date: Mon, 24 Apr 2023 05:12:54 GMT
content-type: text/html; charset=utf-8
content-length: 16819
etag: "e42trfc1nxcz7"
vary: Accept-Encoding

HTTP/2 200 
date: Mon, 24 Apr 2023 05:12:55 GMT
content-type: text/html; charset=utf-8
content-length: 16819
etag: "e42trfc1nxcz7"
vary: Accept-Encoding

HTTP/2 200 
date: Mon, 24 Apr 2023 05:12:56 GMT
content-type: text/html; charset=utf-8
content-length: 16819
etag: "e42trfc1nxcz7"
vary: Accept-Encoding

HTTP/2 200 
date: Mon, 24 Apr 2023 05:12:57 GMT
content-type: text/html; charset=utf-8
content-length: 16819
etag: "e42trfc1nxcz7"
vary: Accept-Encoding

HTTP/2 200 
date: Mon, 24 Apr 2023 05:12:58 GMT
content-type: text/html; charset=utf-8
content-length: 16819
etag: "e42trfc1nxcz7"
vary: Accept-Encoding

HTTP/2 200 
date: Mon, 24 Apr 2023 05:12:58 GMT
content-type: text/html; charset=utf-8
content-length: 16819
etag: "e42trfc1nxcz7"
vary: Accept-Encoding

HTTP/2 200 
date: Mon, 24 Apr 2023 05:12:59 GMT
content-type: text/html; charset=utf-8
content-length: 16819
etag: "e42trfc1nxcz7"
vary: Accept-Encoding

HTTP/2 200 
date: Mon, 24 Apr 2023 05:13:00 GMT
content-type: text/html; charset=utf-8
content-length: 16819
etag: "e42trfc1nxcz7"
vary: Accept-Encoding

HTTP/2 200 
date: Mon, 24 Apr 2023 05:13:01 GMT
content-type: text/html; charset=utf-8
content-length: 16819
etag: "e42trfc1nxcz7"
vary: Accept-Encoding

HTTP/2 200 
date: Mon, 24 Apr 2023 05:13:02 GMT
content-type: text/html; charset=utf-8
content-length: 16819
etag: "e42trfc1nxcz7"
vary: Accept-Encoding

HTTP/2 200 
date: Mon, 24 Apr 2023 05:13:03 GMT
content-type: text/html; charset=utf-8
content-length: 16819
etag: "e42trfc1nxcz7"
vary: Accept-Encoding

HTTP/2 200 
date: Mon, 24 Apr 2023 05:13:04 GMT
content-type: text/html; charset=utf-8
content-length: 16819
etag: "e42trfc1nxcz7"
vary: Accept-Encoding

HTTP/2 200 
date: Mon, 24 Apr 2023 05:13:05 GMT
content-type: text/html; charset=utf-8
content-length: 16819
etag: "e42trfc1nxcz7"
vary: Accept-Encoding

HTTP/2 200 
date: Mon, 24 Apr 2023 05:13:06 GMT
content-type: text/html; charset=utf-8
content-length: 16819
etag: "e42trfc1nxcz7"
vary: Accept-Encoding

HTTP/2 200 
date: Mon, 24 Apr 2023 05:13:06 GMT
content-type: text/html; charset=utf-8
content-length: 16819
etag: "e42trfc1nxcz7"
vary: Accept-Encoding

HTTP/2 200 
date: Mon, 24 Apr 2023 05:13:07 GMT
content-type: text/html; charset=utf-8
content-length: 16819
etag: "e42trfc1nxcz7"
vary: Accept-Encoding

HTTP/2 200 
date: Mon, 24 Apr 2023 05:13:08 GMT
content-type: text/html; charset=utf-8
content-length: 16819
etag: "e42trfc1nxcz7"
vary: Accept-Encoding

HTTP/2 200 
date: Mon, 24 Apr 2023 05:13:09 GMT
content-type: text/html; charset=utf-8
content-length: 16819
etag: "e42trfc1nxcz7"
vary: Accept-Encoding

HTTP/2 200 
date: Mon, 24 Apr 2023 05:13:10 GMT
content-type: text/html; charset=utf-8
content-length: 16819
etag: "e42trfc1nxcz7"
vary: Accept-Encoding

HTTP/2 200 
date: Mon, 24 Apr 2023 05:13:11 GMT
content-type: text/html; charset=utf-8
content-length: 16819
etag: "e42trfc1nxcz7"
vary: Accept-Encoding

HTTP/2 200 
date: Mon, 24 Apr 2023 05:13:12 GMT
content-type: text/html; charset=utf-8
content-length: 16819
etag: "e42trfc1nxcz7"
vary: Accept-Encoding

HTTP/2 200 
date: Mon, 24 Apr 2023 05:13:13 GMT
content-type: text/html; charset=utf-8
content-length: 16819
etag: "e42trfc1nxcz7"
vary: Accept-Encoding

HTTP/2 200 
date: Mon, 24 Apr 2023 05:13:14 GMT
content-type: text/html; charset=utf-8
content-length: 16819
etag: "e42trfc1nxcz7"
vary: Accept-Encoding

HTTP/2 200 
date: Mon, 24 Apr 2023 05:13:14 GMT
content-type: text/html; charset=utf-8
content-length: 16819
etag: "e42trfc1nxcz7"
vary: Accept-Encoding

HTTP/2 200 
date: Mon, 24 Apr 2023 05:13:15 GMT
content-type: text/html; charset=utf-8
content-length: 16819
etag: "e42trfc1nxcz7"
vary: Accept-Encoding

HTTP/2 200 
date: Mon, 24 Apr 2023 05:13:16 GMT
content-type: text/html; charset=utf-8
content-length: 16819
etag: "e42trfc1nxcz7"
vary: Accept-Encoding

HTTP/2 200 
date: Mon, 24 Apr 2023 05:13:17 GMT
content-type: text/html; charset=utf-8
content-length: 16819
etag: "e42trfc1nxcz7"
vary: Accept-Encoding

HTTP/2 200 
date: Mon, 24 Apr 2023 05:13:18 GMT
content-type: text/html; charset=utf-8
content-length: 16819
etag: "e42trfc1nxcz7"
vary: Accept-Encoding

HTTP/2 200 
date: Mon, 24 Apr 2023 05:13:19 GMT
content-type: text/html; charset=utf-8
content-length: 16819
etag: "e42trfc1nxcz7"
vary: Accept-Encoding

HTTP/2 200 
date: Mon, 24 Apr 2023 05:13:20 GMT
content-type: text/html; charset=utf-8
content-length: 16819
etag: "e42trfc1nxcz7"
vary: Accept-Encoding

HTTP/2 200 
date: Mon, 24 Apr 2023 05:13:21 GMT
content-type: text/html; charset=utf-8
content-length: 16819
etag: "e42trfc1nxcz7"
vary: Accept-Encoding

HTTP/2 200 
date: Mon, 24 Apr 2023 05:13:22 GMT
content-type: text/html; charset=utf-8
content-length: 16819
etag: "e42trfc1nxcz7"
vary: Accept-Encoding

HTTP/2 200 
date: Mon, 24 Apr 2023 05:13:23 GMT
content-type: text/html; charset=utf-8
content-length: 16819
etag: "e42trfc1nxcz7"
vary: Accept-Encoding

HTTP/2 200 
date: Mon, 24 Apr 2023 05:13:23 GMT
content-type: text/html; charset=utf-8
content-length: 16819
etag: "e42trfc1nxcz7"
vary: Accept-Encoding

HTTP/2 200 
date: Mon, 24 Apr 2023 05:13:24 GMT
content-type: text/html; charset=utf-8
content-length: 16819
etag: "e42trfc1nxcz7"
vary: Accept-Encoding

HTTP/2 200 
date: Mon, 24 Apr 2023 05:13:25 GMT
content-type: text/html; charset=utf-8
content-length: 16819
etag: "e42trfc1nxcz7"
vary: Accept-Encoding

HTTP/2 200 
date: Mon, 24 Apr 2023 05:13:26 GMT
content-type: text/html; charset=utf-8
content-length: 16819
etag: "e42trfc1nxcz7"
vary: Accept-Encoding

HTTP/2 200 
date: Mon, 24 Apr 2023 05:13:27 GMT
content-type: text/html; charset=utf-8
content-length: 16819
etag: "e42trfc1nxcz7"
vary: Accept-Encoding

HTTP/2 200 
date: Mon, 24 Apr 2023 05:13:28 GMT
content-type: text/html; charset=utf-8
content-length: 16819
etag: "e42trfc1nxcz7"
vary: Accept-Encoding

HTTP/2 200 
date: Mon, 24 Apr 2023 05:13:29 GMT
content-type: text/html; charset=utf-8
content-length: 16819
etag: "e42trfc1nxcz7"
vary: Accept-Encoding

HTTP/2 200 
date: Mon, 24 Apr 2023 05:13:30 GMT
content-type: text/html; charset=utf-8
content-length: 16819
etag: "e42trfc1nxcz7"
vary: Accept-Encoding

HTTP/2 200 
date: Mon, 24 Apr 2023 05:13:31 GMT
content-type: text/html; charset=utf-8
content-length: 16819
etag: "e42trfc1nxcz7"
vary: Accept-Encoding

HTTP/2 200 
date: Mon, 24 Apr 2023 05:13:31 GMT
content-type: text/html; charset=utf-8
content-length: 16819
etag: "e42trfc1nxcz7"
vary: Accept-Encoding

HTTP/2 200 
date: Mon, 24 Apr 2023 05:13:32 GMT
content-type: text/html; charset=utf-8
content-length: 16819
etag: "e42trfc1nxcz7"
vary: Accept-Encoding

HTTP/2 200 
date: Mon, 24 Apr 2023 05:13:33 GMT
content-type: text/html; charset=utf-8
content-length: 16819
etag: "e42trfc1nxcz7"
vary: Accept-Encoding

HTTP/2 200 
date: Mon, 24 Apr 2023 05:13:34 GMT
content-type: text/html; charset=utf-8
content-length: 16819
etag: "e42trfc1nxcz7"
vary: Accept-Encoding

HTTP/2 200 
date: Mon, 24 Apr 2023 05:13:35 GMT
content-type: text/html; charset=utf-8
content-length: 16819
etag: "e42trfc1nxcz7"
vary: Accept-Encoding

HTTP/2 200 
date: Mon, 24 Apr 2023 05:13:36 GMT
content-type: text/html; charset=utf-8
content-length: 16819
etag: "e42trfc1nxcz7"
vary: Accept-Encoding

HTTP/2 200 
date: Mon, 24 Apr 2023 05:13:37 GMT
content-type: text/html; charset=utf-8
content-length: 16819
etag: "e42trfc1nxcz7"
vary: Accept-Encoding

HTTP/2 200 
date: Mon, 24 Apr 2023 05:13:38 GMT
content-type: text/html; charset=utf-8
content-length: 16819
etag: "e42trfc1nxcz7"
vary: Accept-Encoding

HTTP/2 200 
date: Mon, 24 Apr 2023 05:13:39 GMT
content-type: text/html; charset=utf-8
content-length: 16819
etag: "e42trfc1nxcz7"
vary: Accept-Encoding

HTTP/2 200 
date: Mon, 24 Apr 2023 05:13:39 GMT
content-type: text/html; charset=utf-8
content-length: 16819
etag: "e42trfc1nxcz7"
vary: Accept-Encoding

HTTP/2 200 
date: Mon, 24 Apr 2023 05:13:40 GMT
content-type: text/html; charset=utf-8
content-length: 16819
etag: "e42trfc1nxcz7"
vary: Accept-Encoding

HTTP/2 200 
date: Mon, 24 Apr 2023 05:13:41 GMT
content-type: text/html; charset=utf-8
content-length: 16819
etag: "e42trfc1nxcz7"
vary: Accept-Encoding

HTTP/2 200 
date: Mon, 24 Apr 2023 05:13:42 GMT
content-type: text/html; charset=utf-8
content-length: 16819
etag: "e42trfc1nxcz7"
vary: Accept-Encoding

HTTP/2 200 
date: Mon, 24 Apr 2023 05:13:43 GMT
content-type: text/html; charset=utf-8
content-length: 16819
etag: "e42trfc1nxcz7"
vary: Accept-Encoding

HTTP/2 200 
date: Mon, 24 Apr 2023 05:13:44 GMT
content-type: text/html; charset=utf-8
content-length: 16819
etag: "e42trfc1nxcz7"
vary: Accept-Encoding

HTTP/2 200 
date: Mon, 24 Apr 2023 05:13:45 GMT
content-type: text/html; charset=utf-8
content-length: 16819
etag: "e42trfc1nxcz7"
vary: Accept-Encoding

HTTP/2 200 
date: Mon, 24 Apr 2023 05:13:46 GMT
content-type: text/html; charset=utf-8
content-length: 16819
etag: "e42trfc1nxcz7"
vary: Accept-Encoding

HTTP/2 200 
date: Mon, 24 Apr 2023 05:13:47 GMT
content-type: text/html; charset=utf-8
content-length: 16819
etag: "e42trfc1nxcz7"
vary: Accept-Encoding

HTTP/2 200 
date: Mon, 24 Apr 2023 05:13:48 GMT
content-type: text/html; charset=utf-8
content-length: 16819
etag: "e42trfc1nxcz7"
vary: Accept-Encoding

